# JRE version: Java(TM) SE Runtime Environment (8.0_101-b13) (build 1.8.0_101-b13)
# Java VM: Java HotSpot(TM) 64-Bit Server VM (25.101-b13 mixed mode bsd-amd64 compressed oops)
Heap:
 PSYoungGen      total 132096K, used 101121K [0x000000076ab00000, 0x0000000775280000, 0x00000007c0000000)
  eden space 124416K, 75% used [0x000000076ab00000,0x00000007706617a0,0x0000000772480000)
  from space 7680K, 98% used [0x0000000774b00000,0x000000077525ed68,0x0000000775280000)
  to   space 12288K, 0% used [0x0000000773a80000,0x0000000773a80000,0x0000000774680000)
 ParOldGen       total 173568K, used 12280K [0x00000006c0000000, 0x00000006ca980000, 0x000000076ab00000)
  object space 173568K, 7% used [0x00000006c0000000,0x00000006c0bfe250,0x00000006ca980000)
 Metaspace       used 53019K, capacity 54092K, committed 54312K, reserved 1097728K
  class space    used 6119K, capacity 6358K, committed 6448K, reserved 1048576K
GC Heap History (10 events):
Event: 3.113 GC heap before
{Heap before GC invocations=6 (full 2):
 PSYoungGen      total 108032K, used 7863K [0x000000076ab00000, 0x0000000771f80000, 0x00000007c0000000)
  eden space 97280K, 0% used [0x000000076ab00000,0x000000076ab00000,0x0000000770a00000)
  from space 10752K, 73% used [0x0000000771480000,0x0000000771c2dc78,0x0000000771f00000)
  to   space 10752K, 0% used [0x0000000770a00000,0x0000000770a00000,0x0000000771480000)
 ParOldGen       total 107520K, used 7465K [0x00000006c0000000, 0x00000006c6900000, 0x000000076ab00000)
  object space 107520K, 6% used [0x00000006c0000000,0x00000006c074a430,0x00000006c6900000)
 Metaspace       used 34768K, capacity 35138K, committed 35496K, reserved 1081344K
  class space    used 4066K, capacity 4178K, committed 4272K, reserved 1048576K
Event: 3.140 GC heap after
Heap after GC invocations=6 (full 2):
 PSYoungGen      total 108032K, used 0K [0x000000076ab00000, 0x0000000771f80000, 0x00000007c0000000)
  eden space 97280K, 0% used [0x000000076ab00000,0x000000076ab00000,0x0000000770a00000)
  from space 10752K, 0% used [0x0000000771480000,0x0000000771480000,0x0000000771f00000)
  to   space 10752K, 0% used [0x0000000770a00000,0x0000000770a00000,0x0000000771480000)
 ParOldGen       total 173568K, used 12240K [0x00000006c0000000, 0x00000006ca980000, 0x000000076ab00000)
  object space 173568K, 7% used [0x00000006c0000000,0x00000006c0bf4250,0x00000006ca980000)
 Metaspace       used 34768K, capacity 35138K, committed 35496K, reserved 1081344K
  class space    used 4066K, capacity 4178K, committed 4272K, reserved 1048576K
}
Event: 11.054 GC heap before
{Heap before GC invocations=7 (full 2):
 PSYoungGen      total 108032K, used 97280K [0x000000076ab00000, 0x0000000771f80000, 0x00000007c0000000)
  eden space 97280K, 100% used [0x000000076ab00000,0x0000000770a00000,0x0000000770a00000)
  from space 10752K, 0% used [0x0000000771480000,0x0000000771480000,0x0000000771f00000)
  to   space 10752K, 0% used [0x0000000770a00000,0x0000000770a00000,0x0000000771480000)
 ParOldGen       total 173568K, used 12240K [0x00000006c0000000, 0x00000006ca980000, 0x000000076ab00000)
  object space 173568K, 7% used [0x00000006c0000000,0x00000006c0bf4250,0x00000006ca980000)
 Metaspace       used 45882K, capacity 46398K, committed 46888K, reserved 1091584K
  class space    used 5502K, capacity 5642K, committed 5680K, reserved 1048576K
Event: 11.067 GC heap after
Heap after GC invocations=7 (full 2):
 PSYoungGen      total 108032K, used 10346K [0x000000076ab00000, 0x0000000774280000, 0x00000007c0000000)
  eden space 97280K, 0% used [0x000000076ab00000,0x000000076ab00000,0x0000000770a00000)
  from space 10752K, 96% used [0x0000000770a00000,0x000000077141ab90,0x0000000771480000)
  to   space 12800K, 0% used [0x0000000773600000,0x0000000773600000,0x0000000774280000)
 ParOldGen       total 173568K, used 12248K [0x00000006c0000000, 0x00000006ca980000, 0x000000076ab00000)
  object space 173568K, 7% used [0x00000006c0000000,0x00000006c0bf6250,0x00000006ca980000)
 Metaspace       used 45882K, capacity 46398K, committed 46888K, reserved 1091584K
  class space    used 5502K, capacity 5642K, committed 5680K, reserved 1048576K
}
Event: 19.981 GC heap before
{Heap before GC invocations=8 (full 2):
 PSYoungGen      total 108032K, used 107626K [0x000000076ab00000, 0x0000000774280000, 0x00000007c0000000)
  eden space 97280K, 100% used [0x000000076ab00000,0x0000000770a00000,0x0000000770a00000)
  from space 10752K, 96% used [0x0000000770a00000,0x000000077141ab90,0x0000000771480000)
  to   space 12800K, 0% used [0x0000000773600000,0x0000000773600000,0x0000000774280000)
 ParOldGen       total 173568K, used 12248K [0x00000006c0000000, 0x00000006ca980000, 0x000000076ab00000)
  object space 173568K, 7% used [0x00000006c0000000,0x00000006c0bf6250,0x00000006ca980000)
 Metaspace       used 51167K, capacity 52072K, committed 52392K, reserved 1095680K
  class space    used 6001K, capacity 6211K, committed 6320K, reserved 1048576K
Event: 19.988 GC heap after
Heap after GC invocations=8 (full 2):
 PSYoungGen      total 133120K, used 8942K [0x000000076ab00000, 0x0000000773f00000, 0x00000007c0000000)
  eden space 123904K, 0% used [0x000000076ab00000,0x000000076ab00000,0x0000000772400000)
  from space 9216K, 97% used [0x0000000773600000,0x0000000773ebb8e8,0x0000000773f00000)
  to   space 12288K, 0% used [0x0000000772700000,0x0000000772700000,0x0000000773300000)
 ParOldGen       total 173568K, used 12264K [0x00000006c0000000, 0x00000006ca980000, 0x000000076ab00000)
  object space 173568K, 7% used [0x00000006c0000000,0x00000006c0bfa250,0x00000006ca980000)
 Metaspace       used 51167K, capacity 52072K, committed 52392K, reserved 1095680K
  class space    used 6001K, capacity 6211K, committed 6320K, reserved 1048576K
}
Event: 52.203 GC heap before
{Heap before GC invocations=9 (full 2):
 PSYoungGen      total 133120K, used 132846K [0x000000076ab00000, 0x0000000773f00000, 0x00000007c0000000)
  eden space 123904K, 100% used [0x000000076ab00000,0x0000000772400000,0x0000000772400000)
  from space 9216K, 97% used [0x0000000773600000,0x0000000773ebb8e8,0x0000000773f00000)
  to   space 12288K, 0% used [0x0000000772700000,0x0000000772700000,0x0000000773300000)
 ParOldGen       total 173568K, used 12264K [0x00000006c0000000, 0x00000006ca980000, 0x000000076ab00000)
  object space 173568K, 7% used [0x00000006c0000000,0x00000006c0bfa250,0x00000006ca980000)
 Metaspace       used 51735K, capacity 52640K, committed 52904K, reserved 1095680K
  class space    used 6015K, capacity 6222K, committed 6320K, reserved 1048576K
Event: 52.208 GC heap after
Heap after GC invocations=9 (full 2):
 PSYoungGen      total 139264K, used 6438K [0x000000076ab00000, 0x0000000775700000, 0x00000007c0000000)
  eden space 126976K, 0% used [0x000000076ab00000,0x000000076ab00000,0x0000000772700000)
  from space 12288K, 52% used [0x0000000772700000,0x0000000772d49a90,0x0000000773300000)
  to   space 12288K, 0% used [0x0000000774b00000,0x0000000774b00000,0x0000000775700000)
 ParOldGen       total 173568K, used 12272K [0x00000006c0000000, 0x00000006ca980000, 0x000000076ab00000)
  object space 173568K, 7% used [0x00000006c0000000,0x00000006c0bfc250,0x00000006ca980000)
 Metaspace       used 51735K, capacity 52640K, committed 52904K, reserved 1095680K
  class space    used 6015K, capacity 6222K, committed 6320K, reserved 1048576K
}
Event: 175.775 GC heap before
{Heap before GC invocations=10 (full 2):
 PSYoungGen      total 139264K, used 133414K [0x000000076ab00000, 0x0000000775700000, 0x00000007c0000000)
  eden space 126976K, 100% used [0x000000076ab00000,0x0000000772700000,0x0000000772700000)
  from space 12288K, 52% used [0x0000000772700000,0x0000000772d49a90,0x0000000773300000)
  to   space 12288K, 0% used [0x0000000774b00000,0x0000000774b00000,0x0000000775700000)
 ParOldGen       total 173568K, used 12272K [0x00000006c0000000, 0x00000006ca980000, 0x000000076ab00000)
  object space 173568K, 7% used [0x00000006c0000000,0x00000006c0bfc250,0x00000006ca980000)
 Metaspace       used 52349K, capacity 53438K, committed 53672K, reserved 1097728K
  class space    used 6045K, capacity 6276K, committed 6320K, reserved 1048576K
Event: 175.781 GC heap after
Heap after GC invocations=10 (full 2):
 PSYoungGen      total 132096K, used 7547K [0x000000076ab00000, 0x0000000775280000, 0x00000007c0000000)
  eden space 124416K, 0% used [0x000000076ab00000,0x000000076ab00000,0x0000000772480000)
  from space 7680K, 98% used [0x0000000774b00000,0x000000077525ed68,0x0000000775280000)
  to   space 12288K, 0% used [0x0000000773a80000,0x0000000773a80000,0x0000000774680000)
 ParOldGen       total 173568K, used 12280K [0x00000006c0000000, 0x00000006ca980000, 0x000000076ab00000)
  object space 173568K, 7% used [0x00000006c0000000,0x00000006c0bfe250,0x00000006ca980000)
 Metaspace       used 52349K, capacity 53438K, committed 53672K, reserved 1097728K
  class space    used 6045K, capacity 6276K, committed 6320K, reserved 1048576K
}

