# JRE version: Java(TM) SE Runtime Environment (8.0_101-b13) (build 1.8.0_101-b13)
# Java VM: Java HotSpot(TM) 64-Bit Server VM (25.101-b13 mixed mode bsd-amd64 compressed oops)
Heap:
 PSYoungGen      total 125440K, used 61749K [0x000000076ab00000, 0x0000000773780000, 0x00000007c0000000)
  eden space 118272K, 46% used [0x000000076ab00000,0x000000076e0774e0,0x0000000771e80000)
  from space 7168K, 97% used [0x0000000773080000,0x0000000773755f38,0x0000000773780000)
  to   space 12800K, 0% used [0x0000000771e80000,0x0000000771e80000,0x0000000772b00000)
 ParOldGen       total 182272K, used 12052K [0x00000006c0000000, 0x00000006cb200000, 0x000000076ab00000)
  object space 182272K, 6% used [0x00000006c0000000,0x00000006c0bc5220,0x00000006cb200000)
 Metaspace       used 51097K, capacity 52022K, committed 52096K, reserved 1095680K
  class space    used 5988K, capacity 6240K, committed 6272K, reserved 1048576K
GC Heap History (10 events):
Event: 2.051 GC heap before
{Heap before GC invocations=4 (full 1):
 PSYoungGen      total 76288K, used 65536K [0x000000076ab00000, 0x0000000774000000, 0x00000007c0000000)
  eden space 65536K, 100% used [0x000000076ab00000,0x000000076eb00000,0x000000076eb00000)
  from space 10752K, 0% used [0x000000076f580000,0x000000076f580000,0x0000000770000000)
  to   space 10752K, 0% used [0x000000076eb00000,0x000000076eb00000,0x000000076f580000)
 ParOldGen       total 110080K, used 7176K [0x00000006c0000000, 0x00000006c6b80000, 0x000000076ab00000)
  object space 110080K, 6% used [0x00000006c0000000,0x00000006c07022c8,0x00000006c6b80000)
 Metaspace       used 29054K, capacity 29402K, committed 29824K, reserved 1075200K
  class space    used 3275K, capacity 3354K, committed 3456K, reserved 1048576K
Event: 2.054 GC heap after
Heap after GC invocations=4 (full 1):
 PSYoungGen      total 76288K, used 5948K [0x000000076ab00000, 0x0000000771a00000, 0x00000007c0000000)
  eden space 65536K, 0% used [0x000000076ab00000,0x000000076ab00000,0x000000076eb00000)
  from space 10752K, 55% used [0x000000076eb00000,0x000000076f0cf0b0,0x000000076f580000)
  to   space 10752K, 0% used [0x0000000770f80000,0x0000000770f80000,0x0000000771a00000)
 ParOldGen       total 110080K, used 7184K [0x00000006c0000000, 0x00000006c6b80000, 0x000000076ab00000)
  object space 110080K, 6% used [0x00000006c0000000,0x00000006c07042c8,0x00000006c6b80000)
 Metaspace       used 29054K, capacity 29402K, committed 29824K, reserved 1075200K
  class space    used 3275K, capacity 3354K, committed 3456K, reserved 1048576K
}
Event: 2.398 GC heap before
{Heap before GC invocations=5 (full 1):
 PSYoungGen      total 76288K, used 45266K [0x000000076ab00000, 0x0000000771a00000, 0x00000007c0000000)
  eden space 65536K, 59% used [0x000000076ab00000,0x000000076d165868,0x000000076eb00000)
  from space 10752K, 55% used [0x000000076eb00000,0x000000076f0cf0b0,0x000000076f580000)
  to   space 10752K, 0% used [0x0000000770f80000,0x0000000770f80000,0x0000000771a00000)
 ParOldGen       total 110080K, used 7184K [0x00000006c0000000, 0x00000006c6b80000, 0x000000076ab00000)
  object space 110080K, 6% used [0x00000006c0000000,0x00000006c07042c8,0x00000006c6b80000)
 Metaspace       used 34750K, capacity 35138K, committed 35456K, reserved 1081344K
  class space    used 4075K, capacity 4178K, committed 4224K, reserved 1048576K
Event: 2.404 GC heap after
Heap after GC invocations=5 (full 1):
 PSYoungGen      total 102912K, used 6492K [0x000000076ab00000, 0x0000000771d00000, 0x00000007c0000000)
  eden space 92160K, 0% used [0x000000076ab00000,0x000000076ab00000,0x0000000770500000)
  from space 10752K, 60% used [0x0000000770f80000,0x00000007715d7048,0x0000000771a00000)
  to   space 10752K, 0% used [0x0000000770500000,0x0000000770500000,0x0000000770f80000)
 ParOldGen       total 110080K, used 7192K [0x00000006c0000000, 0x00000006c6b80000, 0x000000076ab00000)
  object space 110080K, 6% used [0x00000006c0000000,0x00000006c07062c8,0x00000006c6b80000)
 Metaspace       used 34750K, capacity 35138K, committed 35456K, reserved 1081344K
  class space    used 4075K, capacity 4178K, committed 4224K, reserved 1048576K
}
Event: 2.404 GC heap before
{Heap before GC invocations=6 (full 2):
 PSYoungGen      total 102912K, used 6492K [0x000000076ab00000, 0x0000000771d00000, 0x00000007c0000000)
  eden space 92160K, 0% used [0x000000076ab00000,0x000000076ab00000,0x0000000770500000)
  from space 10752K, 60% used [0x0000000770f80000,0x00000007715d7048,0x0000000771a00000)
  to   space 10752K, 0% used [0x0000000770500000,0x0000000770500000,0x0000000770f80000)
 ParOldGen       total 110080K, used 7192K [0x00000006c0000000, 0x00000006c6b80000, 0x000000076ab00000)
  object space 110080K, 6% used [0x00000006c0000000,0x00000006c07062c8,0x00000006c6b80000)
 Metaspace       used 34750K, capacity 35138K, committed 35456K, reserved 1081344K
  class space    used 4075K, capacity 4178K, committed 4224K, reserved 1048576K
Event: 2.428 GC heap after
Heap after GC invocations=6 (full 2):
 PSYoungGen      total 102912K, used 0K [0x000000076ab00000, 0x0000000771d00000, 0x00000007c0000000)
  eden space 92160K, 0% used [0x000000076ab00000,0x000000076ab00000,0x0000000770500000)
  from space 10752K, 0% used [0x0000000770f80000,0x0000000770f80000,0x0000000771a00000)
  to   space 10752K, 0% used [0x0000000770500000,0x0000000770500000,0x0000000770f80000)
 ParOldGen       total 182272K, used 12036K [0x00000006c0000000, 0x00000006cb200000, 0x000000076ab00000)
  object space 182272K, 6% used [0x00000006c0000000,0x00000006c0bc1220,0x00000006cb200000)
 Metaspace       used 34750K, capacity 35138K, committed 35456K, reserved 1081344K
  class space    used 4075K, capacity 4178K, committed 4224K, reserved 1048576K
}
Event: 3.207 GC heap before
{Heap before GC invocations=7 (full 2):
 PSYoungGen      total 102912K, used 92160K [0x000000076ab00000, 0x0000000771d00000, 0x00000007c0000000)
  eden space 92160K, 100% used [0x000000076ab00000,0x0000000770500000,0x0000000770500000)
  from space 10752K, 0% used [0x0000000770f80000,0x0000000770f80000,0x0000000771a00000)
  to   space 10752K, 0% used [0x0000000770500000,0x0000000770500000,0x0000000770f80000)
 ParOldGen       total 182272K, used 12036K [0x00000006c0000000, 0x00000006cb200000, 0x000000076ab00000)
  object space 182272K, 6% used [0x00000006c0000000,0x00000006c0bc1220,0x00000006cb200000)
 Metaspace       used 45509K, capacity 45880K, committed 46336K, reserved 1089536K
  class space    used 5448K, capacity 5577K, committed 5632K, reserved 1048576K
Event: 3.215 GC heap after
Heap after GC invocations=7 (full 2):
 PSYoungGen      total 102912K, used 10098K [0x000000076ab00000, 0x0000000773d80000, 0x00000007c0000000)
  eden space 92160K, 0% used [0x000000076ab00000,0x000000076ab00000,0x0000000770500000)
  from space 10752K, 93% used [0x0000000770500000,0x0000000770edc870,0x0000000770f80000)
  to   space 13312K, 0% used [0x0000000773080000,0x0000000773080000,0x0000000773d80000)
 ParOldGen       total 182272K, used 12044K [0x00000006c0000000, 0x00000006cb200000, 0x000000076ab00000)
  object space 182272K, 6% used [0x00000006c0000000,0x00000006c0bc3220,0x00000006cb200000)
 Metaspace       used 45509K, capacity 45880K, committed 46336K, reserved 1089536K
  class space    used 5448K, capacity 5577K, committed 5632K, reserved 1048576K
}
Event: 7.048 GC heap before
{Heap before GC invocations=8 (full 2):
 PSYoungGen      total 102912K, used 102258K [0x000000076ab00000, 0x0000000773d80000, 0x00000007c0000000)
  eden space 92160K, 100% used [0x000000076ab00000,0x0000000770500000,0x0000000770500000)
  from space 10752K, 93% used [0x0000000770500000,0x0000000770edc870,0x0000000770f80000)
  to   space 13312K, 0% used [0x0000000773080000,0x0000000773080000,0x0000000773d80000)
 ParOldGen       total 182272K, used 12044K [0x00000006c0000000, 0x00000006cb200000, 0x000000076ab00000)
  object space 182272K, 6% used [0x00000006c0000000,0x00000006c0bc3220,0x00000006cb200000)
 Metaspace       used 49502K, capacity 50334K, committed 50432K, reserved 1093632K
  class space    used 5883K, capacity 6086K, committed 6144K, reserved 1048576K
Event: 7.054 GC heap after
Heap after GC invocations=8 (full 2):
 PSYoungGen      total 125440K, used 6999K [0x000000076ab00000, 0x0000000773780000, 0x00000007c0000000)
  eden space 118272K, 0% used [0x000000076ab00000,0x000000076ab00000,0x0000000771e80000)
  from space 7168K, 97% used [0x0000000773080000,0x0000000773755f38,0x0000000773780000)
  to   space 12800K, 0% used [0x0000000771e80000,0x0000000771e80000,0x0000000772b00000)
 ParOldGen       total 182272K, used 12052K [0x00000006c0000000, 0x00000006cb200000, 0x000000076ab00000)
  object space 182272K, 6% used [0x00000006c0000000,0x00000006c0bc5220,0x00000006cb200000)
 Metaspace       used 49502K, capacity 50334K, committed 50432K, reserved 1093632K
  class space    used 5883K, capacity 6086K, committed 6144K, reserved 1048576K
}

