# JRE version: Java(TM) SE Runtime Environment (8.0_101-b13) (build 1.8.0_101-b13)
# Java VM: Java HotSpot(TM) 64-Bit Server VM (25.101-b13 mixed mode bsd-amd64 compressed oops)
Heap:
 PSYoungGen      total 139264K, used 104608K [0x000000076ab00000, 0x0000000774700000, 0x00000007c0000000)
  eden space 132608K, 74% used [0x000000076ab00000,0x0000000770b07748,0x0000000772c80000)
  from space 6656K, 94% used [0x0000000774080000,0x00000007746a0bb8,0x0000000774700000)
  to   space 11776K, 0% used [0x0000000773000000,0x0000000773000000,0x0000000773b80000)
 ParOldGen       total 166400K, used 9944K [0x00000006c0000000, 0x00000006ca280000, 0x000000076ab00000)
  object space 166400K, 5% used [0x00000006c0000000,0x00000006c09b6030,0x00000006ca280000)
 Metaspace       used 41367K, capacity 41674K, committed 42408K, reserved 1087488K
  class space    used 5078K, capacity 5189K, committed 5296K, reserved 1048576K
GC Heap History (10 events):
Event: 1.865 GC heap before
{Heap before GC invocations=4 (full 1):
 PSYoungGen      total 76288K, used 65536K [0x000000076ab00000, 0x0000000774000000, 0x00000007c0000000)
  eden space 65536K, 100% used [0x000000076ab00000,0x000000076eb00000,0x000000076eb00000)
  from space 10752K, 0% used [0x000000076f580000,0x000000076f580000,0x0000000770000000)
  to   space 10752K, 0% used [0x000000076eb00000,0x000000076eb00000,0x000000076f580000)
 ParOldGen       total 110592K, used 9508K [0x00000006c0000000, 0x00000006c6c00000, 0x000000076ab00000)
  object space 110592K, 8% used [0x00000006c0000000,0x00000006c09492a8,0x00000006c6c00000)
 Metaspace       used 25147K, capacity 25368K, committed 25648K, reserved 1071104K
  class space    used 3034K, capacity 3109K, committed 3120K, reserved 1048576K
Event: 1.867 GC heap after
Heap after GC invocations=4 (full 1):
 PSYoungGen      total 76288K, used 3737K [0x000000076ab00000, 0x0000000771b00000, 0x00000007c0000000)
  eden space 65536K, 0% used [0x000000076ab00000,0x000000076ab00000,0x000000076eb00000)
  from space 10752K, 34% used [0x000000076eb00000,0x000000076eea64b8,0x000000076f580000)
  to   space 10752K, 0% used [0x0000000771080000,0x0000000771080000,0x0000000771b00000)
 ParOldGen       total 110592K, used 9524K [0x00000006c0000000, 0x00000006c6c00000, 0x000000076ab00000)
  object space 110592K, 8% used [0x00000006c0000000,0x00000006c094d2c0,0x00000006c6c00000)
 Metaspace       used 25147K, capacity 25368K, committed 25648K, reserved 1071104K
  class space    used 3034K, capacity 3109K, committed 3120K, reserved 1048576K
}
Event: 2.403 GC heap before
{Heap before GC invocations=5 (full 1):
 PSYoungGen      total 76288K, used 69273K [0x000000076ab00000, 0x0000000771b00000, 0x00000007c0000000)
  eden space 65536K, 100% used [0x000000076ab00000,0x000000076eb00000,0x000000076eb00000)
  from space 10752K, 34% used [0x000000076eb00000,0x000000076eea64b8,0x000000076f580000)
  to   space 10752K, 0% used [0x0000000771080000,0x0000000771080000,0x0000000771b00000)
 ParOldGen       total 110592K, used 9524K [0x00000006c0000000, 0x00000006c6c00000, 0x000000076ab00000)
  object space 110592K, 8% used [0x00000006c0000000,0x00000006c094d2c0,0x00000006c6c00000)
 Metaspace       used 33094K, capacity 33350K, committed 33712K, reserved 1079296K
  class space    used 4186K, capacity 4254K, committed 4272K, reserved 1048576K
Event: 2.409 GC heap after
Heap after GC invocations=5 (full 1):
 PSYoungGen      total 103936K, used 8860K [0x000000076ab00000, 0x0000000771b80000, 0x00000007c0000000)
  eden space 93184K, 0% used [0x000000076ab00000,0x000000076ab00000,0x0000000770600000)
  from space 10752K, 82% used [0x0000000771080000,0x0000000771927018,0x0000000771b00000)
  to   space 10752K, 0% used [0x0000000770600000,0x0000000770600000,0x0000000771080000)
 ParOldGen       total 110592K, used 9532K [0x00000006c0000000, 0x00000006c6c00000, 0x000000076ab00000)
  object space 110592K, 8% used [0x00000006c0000000,0x00000006c094f2c0,0x00000006c6c00000)
 Metaspace       used 33094K, capacity 33350K, committed 33712K, reserved 1079296K
  class space    used 4186K, capacity 4254K, committed 4272K, reserved 1048576K
}
Event: 2.529 GC heap before
{Heap before GC invocations=6 (full 1):
 PSYoungGen      total 103936K, used 23615K [0x000000076ab00000, 0x0000000771b80000, 0x00000007c0000000)
  eden space 93184K, 15% used [0x000000076ab00000,0x000000076b968e78,0x0000000770600000)
  from space 10752K, 82% used [0x0000000771080000,0x0000000771927018,0x0000000771b00000)
  to   space 10752K, 0% used [0x0000000770600000,0x0000000770600000,0x0000000771080000)
 ParOldGen       total 110592K, used 9532K [0x00000006c0000000, 0x00000006c6c00000, 0x000000076ab00000)
  object space 110592K, 8% used [0x00000006c0000000,0x00000006c094f2c0,0x00000006c6c00000)
 Metaspace       used 34783K, capacity 35032K, committed 35496K, reserved 1081344K
  class space    used 4431K, capacity 4517K, committed 4528K, reserved 1048576K
Event: 2.533 GC heap after
Heap after GC invocations=6 (full 1):
 PSYoungGen      total 103936K, used 4494K [0x000000076ab00000, 0x0000000774c80000, 0x00000007c0000000)
  eden space 93184K, 0% used [0x000000076ab00000,0x000000076ab00000,0x0000000770600000)
  from space 10752K, 41% used [0x0000000770600000,0x0000000770a63b50,0x0000000771080000)
  to   space 12288K, 0% used [0x0000000774080000,0x0000000774080000,0x0000000774c80000)
 ParOldGen       total 110592K, used 9540K [0x00000006c0000000, 0x00000006c6c00000, 0x000000076ab00000)
  object space 110592K, 8% used [0x00000006c0000000,0x00000006c09512c0,0x00000006c6c00000)
 Metaspace       used 34783K, capacity 35032K, committed 35496K, reserved 1081344K
  class space    used 4431K, capacity 4517K, committed 4528K, reserved 1048576K
}
Event: 2.533 GC heap before
{Heap before GC invocations=7 (full 2):
 PSYoungGen      total 103936K, used 4494K [0x000000076ab00000, 0x0000000774c80000, 0x00000007c0000000)
  eden space 93184K, 0% used [0x000000076ab00000,0x000000076ab00000,0x0000000770600000)
  from space 10752K, 41% used [0x0000000770600000,0x0000000770a63b50,0x0000000771080000)
  to   space 12288K, 0% used [0x0000000774080000,0x0000000774080000,0x0000000774c80000)
 ParOldGen       total 110592K, used 9540K [0x00000006c0000000, 0x00000006c6c00000, 0x000000076ab00000)
  object space 110592K, 8% used [0x00000006c0000000,0x00000006c09512c0,0x00000006c6c00000)
 Metaspace       used 34783K, capacity 35032K, committed 35496K, reserved 1081344K
  class space    used 4431K, capacity 4517K, committed 4528K, reserved 1048576K
Event: 2.556 GC heap after
Heap after GC invocations=7 (full 2):
 PSYoungGen      total 103936K, used 0K [0x000000076ab00000, 0x0000000774c80000, 0x00000007c0000000)
  eden space 93184K, 0% used [0x000000076ab00000,0x000000076ab00000,0x0000000770600000)
  from space 10752K, 0% used [0x0000000770600000,0x0000000770600000,0x0000000771080000)
  to   space 12288K, 0% used [0x0000000774080000,0x0000000774080000,0x0000000774c80000)
 ParOldGen       total 166400K, used 9936K [0x00000006c0000000, 0x00000006ca280000, 0x000000076ab00000)
  object space 166400K, 5% used [0x00000006c0000000,0x00000006c09b4030,0x00000006ca280000)
 Metaspace       used 34783K, capacity 35032K, committed 35496K, reserved 1081344K
  class space    used 4431K, capacity 4517K, committed 4528K, reserved 1048576K
}
Event: 3.202 GC heap before
{Heap before GC invocations=8 (full 2):
 PSYoungGen      total 103936K, used 93184K [0x000000076ab00000, 0x0000000774c80000, 0x00000007c0000000)
  eden space 93184K, 100% used [0x000000076ab00000,0x0000000770600000,0x0000000770600000)
  from space 10752K, 0% used [0x0000000770600000,0x0000000770600000,0x0000000771080000)
  to   space 12288K, 0% used [0x0000000774080000,0x0000000774080000,0x0000000774c80000)
 ParOldGen       total 166400K, used 9936K [0x00000006c0000000, 0x00000006ca280000, 0x000000076ab00000)
  object space 166400K, 5% used [0x00000006c0000000,0x00000006c09b4030,0x00000006ca280000)
 Metaspace       used 40238K, capacity 40514K, committed 41000K, reserved 1085440K
  class space    used 5036K, capacity 5142K, committed 5168K, reserved 1048576K
Event: 3.207 GC heap after
Heap after GC invocations=8 (full 2):
 PSYoungGen      total 139264K, used 6274K [0x000000076ab00000, 0x0000000774700000, 0x00000007c0000000)
  eden space 132608K, 0% used [0x000000076ab00000,0x000000076ab00000,0x0000000772c80000)
  from space 6656K, 94% used [0x0000000774080000,0x00000007746a0bb8,0x0000000774700000)
  to   space 11776K, 0% used [0x0000000773000000,0x0000000773000000,0x0000000773b80000)
 ParOldGen       total 166400K, used 9944K [0x00000006c0000000, 0x00000006ca280000, 0x000000076ab00000)
  object space 166400K, 5% used [0x00000006c0000000,0x00000006c09b6030,0x00000006ca280000)
 Metaspace       used 40238K, capacity 40514K, committed 41000K, reserved 1085440K
  class space    used 5036K, capacity 5142K, committed 5168K, reserved 1048576K
}

